#
# A fatal error has been detected by the Java Runtime Environment:
#
#  EXCEPTION_ACCESS_VIOLATION (0xc0000005) at pc=0x000000005d91c0a6, pid=2068, tid=0x0000000000000728
#
# JRE version: Java(TM) SE Runtime Environment (8.0_191-b12) (build 1.8.0_191-b12)
# Java VM: Java HotSpot(TM) 64-Bit Server VM (25.191-b12 mixed mode windows-amd64 compressed oops)
# Problematic frame:
# C  [msvcr100.dll+0x3c0a6]
#
# Failed to write core dump. Minidumps are not enabled by default on client versions of Windows
#
# If you would like to submit a bug report, please visit:
#   http://bugreport.java.com/bugreport/crash.jsp
#

---------------  T H R E A D  ---------------

Current thread (0x0000000002efc000):  GCTaskThread [stack: 0x0000000012bb0000,0x0000000012cb0000] [id=1832]

siginfo: ExceptionCode=0xc0000005, reading address 0x00000000eef80000

Registers:
RAX=0x0000000000000010, RBX=0x00000000ede0b3e0, RCX=0x00000000a34e8e78, RDX=0x000000004ba97168
RSP=0x0000000012caf4d8, RBP=0x0000000004eba750, RSI=0x0000000002fcc4c0, RDI=0x00000000a2374278
R8 =0x000000002645fa80, R9 =0x0000000000000000, R10=0x0000000000000000, R11=0x00000000a2374278
R12=0x00000000123a18f1, R13=0x000000000000002d, R14=0x0000000000000001, R15=0x0000000002ef3750
RIP=0x000000005d91c0a6, EFLAGS=0x0000000000010202

Top of Stack: (sp=0x0000000012caf4d8)
0x0000000012caf4d8:   000000005d056463 0000000004eba750
0x0000000012caf4e8:   0000000004eba750 0000000002fcc4c0
0x0000000012caf4f8:   000000000000002d 0000000000000000
0x0000000012caf508:   000000005d4333d6 00000000ede0b3e0
0x0000000012caf518:   0000000000000003 0000000002fcc4c0
0x0000000012caf528:   00000000ee65d588 00000000ec588000
0x0000000012caf538:   000000005d433a4b 00000000a230a1d0
0x0000000012caf548:   0000000000000400 0000000000000000
0x0000000012caf558:   0000000002fcc400 00000000123a18f1
0x0000000012caf568:   000000005d433670 00000000a230bf08
0x0000000012caf578:   00000000123a1901 0000000002fcc4c0
0x0000000012caf588:   00000000a031e408 00000000a230bf08
0x0000000012caf598:   000000005d434215 00000000eddf5948
0x0000000012caf5a8:   00000000123a1901 0000000002fcc4c0
0x0000000012caf5b8:   0000000000000002 0000000002fcc4c0
0x0000000012caf5c8:   000000005d11d32a 0000000000000000 

Instructions: (pc=0x000000005d91c0a6)
0x000000005d91c086:   54 0a 08 4c 0f c3 09 4c 0f c3 51 08 4c 8b 4c 0a
0x000000005d91c096:   10 4c 8b 54 0a 18 4c 0f c3 49 10 4c 0f c3 51 18
0x000000005d91c0a6:   4c 8b 4c 0a 20 4c 8b 54 0a 28 48 83 c1 40 4c 0f
0x000000005d91c0b6:   c3 49 e0 4c 0f c3 51 e8 4c 8b 4c 0a f0 4c 8b 54 


Register to memory mapping:

RAX=0x0000000000000010 is an unknown value
RBX=0x00000000ede0b3e0 is an oop

[error occurred during error reporting (printing register info), id 0xc0000005]

Stack: [0x0000000012bb0000,0x0000000012cb0000],  sp=0x0000000012caf4d8,  free space=1021k
Native frames: (J=compiled Java code, j=interpreted, Vv=VM code, C=native code)
C  [msvcr100.dll+0x3c0a6]
V  [jvm.dll+0x26463]
V  [jvm.dll+0x4033d6]
V  [jvm.dll+0x403670]
V  [jvm.dll+0x404215]
V  [jvm.dll+0x3f3cff]
V  [jvm.dll+0x406202]
V  [jvm.dll+0x3f54ce]
V  [jvm.dll+0x29eb9a]
C  [msvcr100.dll+0x21d9f]
C  [msvcr100.dll+0x21e3b]
C  [KERNEL32.DLL+0x181f4]
C  [ntdll.dll+0x6a251]


---------------  P R O C E S S  ---------------

Java Threads: ( => current thread )
  0x0000000024afb000 JavaThread "ForkJoinPool.commonPool-worker-0" daemon [_thread_blocked, id=396, stack(0x00000000283a0000,0x00000000284a0000)]
  0x0000000024afa800 JavaThread "ForkJoinPool.commonPool-worker-3" daemon [_thread_blocked, id=9336, stack(0x00000000282a0000,0x00000000283a0000)]
  0x0000000024afc000 JavaThread "ForkJoinPool.commonPool-worker-1" daemon [_thread_blocked, id=10004, stack(0x0000000026ea0000,0x0000000026fa0000)]
  0x0000000024b01000 JavaThread "Cache worker for Java compile cache (C:\MyProject\Android\Reminder\.gradle\4.10.1\javaCompile)" [_thread_blocked, id=9616, stack(0x0000000026aa0000,0x0000000026ba0000)]
  0x0000000024af8000 JavaThread "Cache worker for Java compile cache (C:\Users\IvK\.gradle\caches\4.10.1\javaCompile)" [_thread_blocked, id=5392, stack(0x00000000269a0000,0x0000000026aa0000)]
  0x0000000024aff000 JavaThread "stdout" daemon [_thread_in_native, id=4376, stack(0x00000000268a0000,0x00000000269a0000)]
  0x0000000024af7800 JavaThread "stderr" daemon [_thread_in_native, id=5368, stack(0x00000000267a0000,0x00000000268a0000)]
  0x0000000024af9800 JavaThread "stdout" daemon [_thread_in_native, id=3352, stack(0x00000000266a0000,0x00000000267a0000)]
  0x0000000024afe000 JavaThread "stderr" daemon [_thread_in_native, id=8504, stack(0x00000000265a0000,0x00000000266a0000)]
  0x0000000024afd800 JavaThread "stdout" daemon [_thread_in_native, id=9744, stack(0x00000000264a0000,0x00000000265a0000)]
  0x0000000024af9000 JavaThread "stderr" daemon [_thread_in_native, id=7736, stack(0x00000000263a0000,0x00000000264a0000)]
  0x0000000024afc800 JavaThread "pool-3-thread-1" [_thread_blocked, id=8312, stack(0x00000000262a0000,0x00000000263a0000)]
  0x000000001e493000 JavaThread "Cache worker for Build Output Cleanup Cache (C:\MyProject\Android\Reminder\.gradle\buildOutputCleanup)" [_thread_blocked, id=4904, stack(0x0000000025ea0000,0x0000000025fa0000)]
  0x000000001e491800 JavaThread "Cache worker for task history cache (C:\MyProject\Android\Reminder\.gradle\4.10.1\taskHistory)" [_thread_blocked, id=3608, stack(0x0000000025da0000,0x0000000025ea0000)]
  0x000000001e491000 JavaThread "Cache worker for file content cache (C:\MyProject\Android\Reminder\.gradle\4.10.1\fileContent)" [_thread_blocked, id=6940, stack(0x00000000249d0000,0x0000000024ad0000)]
  0x000000001e48c800 JavaThread "Cache worker for file content cache (C:\Users\IvK\.gradle\caches\4.10.1\fileContent)" [_thread_blocked, id=9984, stack(0x00000000248d0000,0x00000000249d0000)]
  0x000000001e489800 JavaThread "Memory manager" [_thread_blocked, id=1780, stack(0x00000000247d0000,0x00000000248d0000)]
  0x000000001e48b800 JavaThread "Build operations Thread 4" [_thread_blocked, id=4896, stack(0x00000000246d0000,0x00000000247d0000)]
  0x000000001e48b000 JavaThread "Build operations Thread 3" [_thread_blocked, id=4752, stack(0x00000000245d0000,0x00000000246d0000)]
  0x000000001e490000 JavaThread "Build operations Thread 2" [_thread_blocked, id=1196, stack(0x00000000244d0000,0x00000000245d0000)]
  0x000000001e48e800 JavaThread "Build operations" [_thread_blocked, id=8328, stack(0x00000000243d0000,0x00000000244d0000)]
  0x000000001e488800 JavaThread "Cache worker for cache directory md-rule (C:\Users\IvK\.gradle\caches\4.10.1\md-rule)" [_thread_blocked, id=4732, stack(0x00000000242d0000,0x00000000243d0000)]
  0x000000001e48e000 JavaThread "Cache worker for cache directory md-supplier (C:\Users\IvK\.gradle\caches\4.10.1\md-supplier)" [_thread_blocked, id=940, stack(0x00000000241d0000,0x00000000242d0000)]
  0x000000001e48f800 JavaThread "Cache worker for file hash cache (C:\MyProject\Android\Reminder\.gradle\4.10.1\fileHashes)" [_thread_blocked, id=5652, stack(0x00000000240d0000,0x00000000241d0000)]
  0x0000000018d86800 JavaThread "Asynchronous log dispatcher for DefaultDaemonConnection: socket connection from /127.0.0.1:50510 to /127.0.0.1:50621" [_thread_blocked, id=5780, stack(0x0000000023ed0000,0x0000000023fd0000)]
  0x0000000018d8b000 JavaThread "Daemon worker Thread 2" [_thread_blocked, id=2060, stack(0x0000000023dd0000,0x0000000023ed0000)]
  0x0000000018d8d000 JavaThread "Cancel handler" [_thread_blocked, id=1408, stack(0x0000000023cd0000,0x0000000023dd0000)]
  0x0000000018d89800 JavaThread "Handler for socket connection from /127.0.0.1:50510 to /127.0.0.1:50621" [_thread_in_native, id=2656, stack(0x0000000023bd0000,0x0000000023cd0000)]
  0x0000000018d8c800 JavaThread "Daemon Thread 2" [_thread_blocked, id=6316, stack(0x0000000023ad0000,0x0000000023bd0000)]
  0x0000000018d87000 JavaThread "Cache worker for Artifact transforms cache (C:\Users\IvK\.gradle\caches\transforms-1)" [_thread_blocked, id=8824, stack(0x00000000208c0000,0x00000000209c0000)]
  0x0000000018d8a000 JavaThread "Cache worker for journal cache (C:\Users\IvK\.gradle\caches\journal-1)" [_thread_blocked, id=10124, stack(0x000000001edd0000,0x000000001eed0000)]
  0x0000000018d88000 JavaThread "File lock request listener" [_thread_in_native, id=6284, stack(0x000000001d4a0000,0x000000001d5a0000)]
  0x0000000018d88800 JavaThread "Cache worker for file hash cache (C:\Users\IvK\.gradle\caches\4.10.1\fileHashes)" [_thread_blocked, id=6920, stack(0x000000001d3a0000,0x000000001d4a0000)]
  0x0000000018a7a000 JavaThread "Daemon periodic checks" [_thread_blocked, id=10084, stack(0x000000001a900000,0x000000001aa00000)]
  0x0000000018a79000 JavaThread "Incoming local TCP Connector on port 50510" [_thread_in_native, id=1948, stack(0x000000001a6b0000,0x000000001a7b0000)]
  0x0000000019594800 JavaThread "Daemon health stats" [_thread_blocked, id=6604, stack(0x000000001a070000,0x000000001a170000)]
  0x00000000169ad000 JavaThread "Service Thread" daemon [_thread_blocked, id=6968, stack(0x00000000186a0000,0x00000000187a0000)]
  0x00000000181a8800 JavaThread "C1 CompilerThread2" daemon [_thread_blocked, id=1612, stack(0x00000000185a0000,0x00000000186a0000)]
  0x0000000002fdc800 JavaThread "C2 CompilerThread1" daemon [_thread_blocked, id=10036, stack(0x00000000180a0000,0x00000000181a0000)]
  0x000000001695c000 JavaThread "C2 CompilerThread0" daemon [_thread_blocked, id=7016, stack(0x0000000017fa0000,0x00000000180a0000)]
  0x000000001695a000 JavaThread "Attach Listener" daemon [_thread_blocked, id=7916, stack(0x0000000017ea0000,0x0000000017fa0000)]
  0x0000000016959000 JavaThread "Signal Dispatcher" daemon [_thread_blocked, id=7756, stack(0x0000000017da0000,0x0000000017ea0000)]
  0x0000000002fd5000 JavaThread "Finalizer" daemon [_thread_blocked, id=6108, stack(0x0000000017ba0000,0x0000000017ca0000)]
  0x0000000002fd2000 JavaThread "Reference Handler" daemon [_thread_blocked, id=716, stack(0x0000000017aa0000,0x0000000017ba0000)]
  0x000000000157e000 JavaThread "main" [_thread_blocked, id=2260, stack(0x0000000002de0000,0x0000000002ee0000)]

Other Threads:
  0x0000000016917000 VMThread [stack: 0x00000000179a0000,0x0000000017aa0000] [id=7664]
  0x00000000181c3000 WatcherThread [stack: 0x00000000187a0000,0x00000000188a0000] [id=7124]

=>0x0000000002efc000 (exited) GCTaskThread [stack: 0x0000000012bb0000,0x0000000012cb0000] [id=1832]

VM state:at safepoint (normal execution)

VM Mutex/Monitor currently owned by a thread:  ([mutex/lock_event])
[0x000000000157d7b0] Threads_lock - owner thread: 0x0000000016917000
[0x000000000157d330] Heap_lock - owner thread: 0x0000000018d8b000

Heap:
 PSYoungGen      total 222208K, used 220603K [0x00000000e0000000, 0x00000000eef80000, 0x0000000100000000)
  eden space 202240K, 100% used [0x00000000e0000000,0x00000000ec580000,0x00000000ec580000)
  from space 19968K, 91% used [0x00000000edc00000,0x00000000eedeec00,0x00000000eef80000)
  to   space 21504K, 18% used [0x00000000ec580000,0x00000000ec954610,0x00000000eda80000)
 ParOldGen       total 776192K, used 683723K [0x00000000a0000000, 0x00000000cf600000, 0x00000000e0000000)
  object space 776192K, 88% used [0x00000000a0000000,0x00000000c9bb2cc8,0x00000000cf600000)
 Metaspace       used 82828K, capacity 85698K, committed 85888K, reserved 1124352K
  class space    used 10998K, capacity 11610K, committed 11648K, reserved 1048576K

Card table byte_map: [0x00000000123a0000,0x00000000126b0000] byte_map_base: 0x0000000011ea0000

Marking Bits: (ParMarkBitMap*) 0x000000005d853e30
 Begin Bits: [0x0000000012cb0000, 0x00000000144b0000)
 End Bits:   [0x00000000144b0000, 0x0000000015cb0000)

Polling page: 0x0000000001560000

CodeCache: size=245760Kb used=34544Kb max_used=35015Kb free=211215Kb
 bounds [0x0000000002fe0000, 0x0000000005240000, 0x0000000011fe0000]
 total_blobs=11870 nmethods=11002 adapters=778
 compilation: enabled

Compilation events (10 events):
Event: 233.967 Thread 0x00000000181a8800 13371       3       com.google.protobuf.GeneratedMessageV3$Builder::onBuilt (12 bytes)
Event: 233.967 Thread 0x00000000181a8800 nmethod 13371 0x00000000050e8090 code [0x00000000050e8200, 0x00000000050e8470]
Event: 233.968 Thread 0x000000001695c000 13372       4       com.google.common.collect.Sets$SetFromMap::remove (19 bytes)
Event: 233.969 Thread 0x000000001695c000 nmethod 13372 0x0000000004fc5310 code [0x0000000004fc5460, 0x0000000004fc5528]
Event: 233.991 Thread 0x00000000181a8800 13373       3       org.gradle.api.internal.tasks.TaskStateInternal::getExecuted (13 bytes)
Event: 233.992 Thread 0x00000000181a8800 nmethod 13373 0x0000000004d5e4d0 code [0x0000000004d5e620, 0x0000000004d5e7d0]
Event: 234.002 Thread 0x00000000181a8800 13374       3       com.google.common.cache.LocalCache::isExpired (57 bytes)
Event: 234.004 Thread 0x00000000181a8800 nmethod 13374 0x00000000034bc090 code [0x00000000034bc280, 0x00000000034bcb08]
Event: 234.062 Thread 0x00000000181a8800 13375       3       org.gradle.internal.SystemProperties::getLineSeparator (6 bytes)
Event: 234.063 Thread 0x00000000181a8800 nmethod 13375 0x0000000004e26110 code [0x0000000004e262c0, 0x0000000004e266e8]

GC Heap History (10 events):
Event: 168.933 GC heap after
Heap after GC invocations=19 (full 3):
 PSYoungGen      total 152576K, used 12346K [0x00000000e0000000, 0x00000000eaa00000, 0x0000000100000000)
  eden space 137216K, 0% used [0x00000000e0000000,0x00000000e0000000,0x00000000e8600000)
  from space 15360K, 80% used [0x00000000e9b00000,0x00000000ea70e8a0,0x00000000eaa00000)
  to   space 18432K, 0% used [0x00000000e8600000,0x00000000e8600000,0x00000000e9800000)
 ParOldGen       total 131072K, used 28333K [0x00000000a0000000, 0x00000000a8000000, 0x00000000e0000000)
  object space 131072K, 21% used [0x00000000a0000000,0x00000000a1bab5c0,0x00000000a8000000)
 Metaspace       used 65900K, capacity 67632K, committed 67840K, reserved 1107968K
  class space    used 8935K, capacity 9363K, committed 9472K, reserved 1048576K
}
Event: 198.562 GC heap before
{Heap before GC invocations=20 (full 3):
 PSYoungGen      total 152576K, used 149335K [0x00000000e0000000, 0x00000000eaa00000, 0x0000000100000000)
  eden space 137216K, 99% used [0x00000000e0000000,0x00000000e85c7570,0x00000000e8600000)
  from space 15360K, 80% used [0x00000000e9b00000,0x00000000ea70e8a0,0x00000000eaa00000)
  to   space 18432K, 0% used [0x00000000e8600000,0x00000000e8600000,0x00000000e9800000)
 ParOldGen       total 131072K, used 28333K [0x00000000a0000000, 0x00000000a8000000, 0x00000000e0000000)
  object space 131072K, 21% used [0x00000000a0000000,0x00000000a1bab5c0,0x00000000a8000000)
 Metaspace       used 71097K, capacity 72948K, committed 73216K, reserved 1112064K
  class space    used 9489K, capacity 9955K, committed 9984K, reserved 1048576K
Event: 198.623 GC heap after
Heap after GC invocations=20 (full 3):
 PSYoungGen      total 155648K, used 17861K [0x00000000e0000000, 0x00000000ec080000, 0x0000000100000000)
  eden space 137216K, 0% used [0x00000000e0000000,0x00000000e0000000,0x00000000e8600000)
  from space 18432K, 96% used [0x00000000e8600000,0x00000000e97715f0,0x00000000e9800000)
  to   space 20992K, 0% used [0x00000000eac00000,0x00000000eac00000,0x00000000ec080000)
 ParOldGen       total 131072K, used 28341K [0x00000000a0000000, 0x00000000a8000000, 0x00000000e0000000)
  object space 131072K, 21% used [0x00000000a0000000,0x00000000a1bad5c0,0x00000000a8000000)
 Metaspace       used 71097K, capacity 72948K, committed 73216K, reserved 1112064K
  class space    used 9489K, capacity 9955K, committed 9984K, reserved 1048576K
}
Event: 198.694 GC heap before
{Heap before GC invocations=21 (full 3):
 PSYoungGen      total 155648K, used 154935K [0x00000000e0000000, 0x00000000ec080000, 0x0000000100000000)
  eden space 137216K, 99% used [0x00000000e0000000,0x00000000e85dc940,0x00000000e8600000)
  from space 18432K, 96% used [0x00000000e8600000,0x00000000e97715f0,0x00000000e9800000)
  to   space 20992K, 0% used [0x00000000eac00000,0x00000000eac00000,0x00000000ec080000)
 ParOldGen       total 131072K, used 28341K [0x00000000a0000000, 0x00000000a8000000, 0x00000000e0000000)
  object space 131072K, 21% used [0x00000000a0000000,0x00000000a1bad5c0,0x00000000a8000000)
 Metaspace       used 71106K, capacity 72948K, committed 73216K, reserved 1112064K
  class space    used 9489K, capacity 9955K, committed 9984K, reserved 1048576K
Event: 198.719 GC heap after
Heap after GC invocations=21 (full 3):
 PSYoungGen      total 177152K, used 11681K [0x00000000e0000000, 0x00000000ed900000, 0x0000000100000000)
  eden space 156160K, 0% used [0x00000000e0000000,0x00000000e0000000,0x00000000e9880000)
  from space 20992K, 55% used [0x00000000eac00000,0x00000000eb768610,0x00000000ec080000)
  to   space 19968K, 0% used [0x00000000e9880000,0x00000000e9880000,0x00000000eac00000)
 ParOldGen       total 131072K, used 28349K [0x00000000a0000000, 0x00000000a8000000, 0x00000000e0000000)
  object space 131072K, 21% used [0x00000000a0000000,0x00000000a1baf5c0,0x00000000a8000000)
 Metaspace       used 71106K, capacity 72948K, committed 73216K, reserved 1112064K
  class space    used 9489K, capacity 9955K, committed 9984K, reserved 1048576K
}
Event: 200.457 GC heap before
{Heap before GC invocations=22 (full 3):
 PSYoungGen      total 177152K, used 167841K [0x00000000e0000000, 0x00000000ed900000, 0x0000000100000000)
  eden space 156160K, 100% used [0x00000000e0000000,0x00000000e9880000,0x00000000e9880000)
  from space 20992K, 55% used [0x00000000eac00000,0x00000000eb768610,0x00000000ec080000)
  to   space 19968K, 0% used [0x00000000e9880000,0x00000000e9880000,0x00000000eac00000)
 ParOldGen       total 131072K, used 28349K [0x00000000a0000000, 0x00000000a8000000, 0x00000000e0000000)
  object space 131072K, 21% used [0x00000000a0000000,0x00000000a1baf5c0,0x00000000a8000000)
 Metaspace       used 71831K, capacity 73768K, committed 74112K, reserved 1114112K
  class space    used 9573K, capacity 10071K, committed 10112K, reserved 1048576K
Event: 200.499 GC heap after
Heap after GC invocations=22 (full 3):
 PSYoungGen      total 176128K, used 11919K [0x00000000e0000000, 0x00000000eef80000, 0x0000000100000000)
  eden space 156160K, 0% used [0x00000000e0000000,0x00000000e0000000,0x00000000e9880000)
  from space 19968K, 59% used [0x00000000e9880000,0x00000000ea423fa0,0x00000000eac00000)
  to   space 19968K, 0% used [0x00000000edc00000,0x00000000edc00000,0x00000000eef80000)
 ParOldGen       total 131072K, used 28357K [0x00000000a0000000, 0x00000000a8000000, 0x00000000e0000000)
  object space 131072K, 21% used [0x00000000a0000000,0x00000000a1bb15c0,0x00000000a8000000)
 Metaspace       used 71831K, capacity 73768K, committed 74112K, reserved 1114112K
  class space    used 9573K, capacity 10071K, committed 10112K, reserved 1048576K
}
Event: 224.886 GC heap before
{Heap before GC invocations=23 (full 3):
 PSYoungGen      total 176128K, used 168079K [0x00000000e0000000, 0x00000000eef80000, 0x0000000100000000)
  eden space 156160K, 100% used [0x00000000e0000000,0x00000000e9880000,0x00000000e9880000)
  from space 19968K, 59% used [0x00000000e9880000,0x00000000ea423fa0,0x00000000eac00000)
  to   space 19968K, 0% used [0x00000000edc00000,0x00000000edc00000,0x00000000eef80000)
 ParOldGen       total 131072K, used 28357K [0x00000000a0000000, 0x00000000a8000000, 0x00000000e0000000)
  object space 131072K, 21% used [0x00000000a0000000,0x00000000a1bb15c0,0x00000000a8000000)
 Metaspace       used 81406K, capacity 84118K, committed 84224K, reserved 1122304K
  class space    used 10817K, capacity 11430K, committed 11520K, reserved 1048576K
Event: 224.936 GC heap after
Heap after GC invocations=23 (full 3):
 PSYoungGen      total 222208K, used 18363K [0x00000000e0000000, 0x00000000eef80000, 0x0000000100000000)
  eden space 202240K, 0% used [0x00000000e0000000,0x00000000e0000000,0x00000000ec580000)
  from space 19968K, 91% used [0x00000000edc00000,0x00000000eedeec00,0x00000000eef80000)
  to   space 21504K, 0% used [0x00000000ec580000,0x00000000ec580000,0x00000000eda80000)
 ParOldGen       total 131072K, used 34623K [0x00000000a0000000, 0x00000000a8000000, 0x00000000e0000000)
  object space 131072K, 26% used [0x00000000a0000000,0x00000000a21cfd90,0x00000000a8000000)
 Metaspace       used 81406K, capacity 84118K, committed 84224K, reserved 1122304K
  class space    used 10817K, capacity 11430K, committed 11520K, reserved 1048576K
}
Event: 234.490 GC heap before
{Heap before GC invocations=24 (full 3):
 PSYoungGen      total 222208K, used 220603K [0x00000000e0000000, 0x00000000eef80000, 0x0000000100000000)
  eden space 202240K, 100% used [0x00000000e0000000,0x00000000ec580000,0x00000000ec580000)
  from space 19968K, 91% used [0x00000000edc00000,0x00000000eedeec00,0x00000000eef80000)
  to   space 21504K, 0% used [0x00000000ec580000,0x00000000ec580000,0x00000000eda80000)
 ParOldGen       total 131072K, used 34623K [0x00000000a0000000, 0x00000000a8000000, 0x00000000e0000000)
  object space 131072K, 26% used [0x00000000a0000000,0x00000000a21cfd90,0x00000000a8000000)
 Metaspace       used 82828K, capacity 85698K, committed 85888K, reserved 1124352K
  class space    used 10998K, capacity 11610K, committed 11648K, reserved 1048576K

Deoptimization events (10 events):
Event: 229.852 Thread 0x0000000024afb000 Uncommon trap: reason=class_check action=maybe_recompile pc=0x00000000050a1988 method=java.util.Collections$SetFromMap.contains(Ljava/lang/Object;)Z @ 5
Event: 229.866 Thread 0x000000001e492800 Uncommon trap: reason=class_check action=maybe_recompile pc=0x00000000039f5fc0 method=java.lang.Throwable.<init>(Ljava/lang/String;Ljava/lang/Throwable;)V @ 24
Event: 229.873 Thread 0x0000000024afb000 Uncommon trap: reason=class_check action=maybe_recompile pc=0x00000000039f5fc0 method=java.lang.Throwable.<init>(Ljava/lang/String;Ljava/lang/Throwable;)V @ 24
Event: 229.873 Thread 0x0000000024afa800 Uncommon trap: reason=class_check action=maybe_recompile pc=0x00000000039f5fc0 method=java.lang.Throwable.<init>(Ljava/lang/String;Ljava/lang/Throwable;)V @ 24
Event: 230.105 Thread 0x0000000024afb000 Uncommon trap: reason=class_check action=maybe_recompile pc=0x00000000050a1988 method=java.util.Collections$SetFromMap.contains(Ljava/lang/Object;)Z @ 5
Event: 230.954 Thread 0x0000000024afa800 Uncommon trap: reason=class_check action=maybe_recompile pc=0x00000000050a1988 method=java.util.Collections$SetFromMap.contains(Ljava/lang/Object;)Z @ 5
Event: 232.380 Thread 0x0000000024afb000 Uncommon trap: reason=unstable_if action=reinterpret pc=0x0000000004657a94 method=com.google.common.collect.RegularImmutableMap.makeImmutable(Ljava/util/Map$Entry;Ljava/lang/Object;Ljava/lang/Object;)Lcom/google/common/collect/ImmutableMapEntry; @ 4
Event: 233.396 Thread 0x0000000024afb000 Uncommon trap: reason=class_check action=maybe_recompile pc=0x0000000003bd204c method=java.util.stream.StreamOpFlag.fromCharacteristics(Ljava/util/Spliterator;)I @ 14
Event: 233.397 Thread 0x0000000024afb000 Uncommon trap: reason=class_check action=maybe_recompile pc=0x0000000003bd204c method=java.util.stream.StreamOpFlag.fromCharacteristics(Ljava/util/Spliterator;)I @ 14
Event: 233.397 Thread 0x0000000024afb000 Uncommon trap: reason=class_check action=maybe_recompile pc=0x0000000003bd204c method=java.util.stream.StreamOpFlag.fromCharacteristics(Ljava/util/Spliterator;)I @ 14

Classes redefined (0 events):
No events

Internal exceptions (10 events):
Event: 226.701 Thread 0x0000000024b02800 Exception <a 'sun/nio/fs/WindowsException'> (0x00000000e09219f0) thrown at [C:\re\workspace\8-2-build-windows-amd64-cygwin\jdk8u191\11896\hotspot\src\share\vm\prims\jni.cpp, line 709]
Event: 226.710 Thread 0x0000000024b05000 Exception <a 'sun/nio/fs/WindowsException'> (0x00000000e09a6280) thrown at [C:\re\workspace\8-2-build-windows-amd64-cygwin\jdk8u191\11896\hotspot\src\share\vm\prims\jni.cpp, line 709]
Event: 226.774 Thread 0x0000000024b02000 Exception <a 'sun/nio/fs/WindowsException'> (0x00000000e0785188) thrown at [C:\re\workspace\8-2-build-windows-amd64-cygwin\jdk8u191\11896\hotspot\src\share\vm\prims\jni.cpp, line 709]
Event: 226.825 Thread 0x0000000024b02800 Exception <a 'sun/nio/fs/WindowsException'> (0x00000000e0af42b8) thrown at [C:\re\workspace\8-2-build-windows-amd64-cygwin\jdk8u191\11896\hotspot\src\share\vm\prims\jni.cpp, line 709]
Event: 226.826 Thread 0x0000000024b03800 Implicit null exception at 0x00000000050c253f to 0x00000000050c2a99
Event: 226.878 Thread 0x0000000024b05000 Exception <a 'sun/nio/fs/WindowsException'> (0x00000000e0e29800) thrown at [C:\re\workspace\8-2-build-windows-amd64-cygwin\jdk8u191\11896\hotspot\src\share\vm\prims\jni.cpp, line 709]
Event: 226.957 Thread 0x0000000024afb000 Exception <a 'sun/nio/fs/WindowsException'> (0x00000000e0f0c390) thrown at [C:\re\workspace\8-2-build-windows-amd64-cygwin\jdk8u191\11896\hotspot\src\share\vm\prims\jni.cpp, line 709]
Event: 226.975 Thread 0x0000000024b05800 Exception <a 'sun/nio/fs/WindowsException'> (0x00000000e1078330) thrown at [C:\re\workspace\8-2-build-windows-amd64-cygwin\jdk8u191\11896\hotspot\src\share\vm\prims\jni.cpp, line 709]
Event: 228.817 Thread 0x000000001e492800 Exception <a 'java/lang/NoSuchMethodError': java.lang.Object.lambda$comparing$ea9a8b3a$1(Ljava/util/Comparator;Ljava/util/function/Function;Ljava/lang/Object;Ljava/lang/Object;)I> (0x00000000e1694b88) thrown at [C:\re\workspace\8-2-build-windows-amd64-cyg
Event: 233.487 Thread 0x0000000024afb000 Exception <a 'java/io/FileNotFoundException'> (0x00000000ebe41700) thrown at [C:\re\workspace\8-2-build-windows-amd64-cygwin\jdk8u191\11896\hotspot\src\share\vm\prims\jni.cpp, line 709]

Events (10 events):
Event: 234.481 loading class org/gradle/tooling/internal/consumer/converters/IncludedBuildsMixin done
Event: 234.483 loading class org/gradle/tooling/model/DomainObjectSet
Event: 234.483 loading class org/gradle/tooling/model/DomainObjectSet done
Event: 234.485 loading class org/gradle/tooling/internal/protocol/BuildResult
Event: 234.485 loading class org/gradle/tooling/internal/protocol/BuildResult done
Event: 234.485 loading class org/gradle/tooling/internal/adapter/ProtocolToModelAdapter$MixInMappingAction
Event: 234.485 loading class org/gradle/tooling/internal/adapter/ProtocolToModelAdapter$MixInMappingAction done
Event: 234.488 loading class org/gradle/tooling/model/BuildIdentifier
Event: 234.488 loading class org/gradle/tooling/model/BuildIdentifier done
Event: 234.489 Executing VM operation: ParallelGCFailedAllocation


Dynamic libraries:
0x00007ff76c2d0000 - 0x00007ff76c307000 	C:\Program Files\Java\jdk1.8.0_191\bin\java.exe
0x00007ffb24980000 - 0x00007ffb24b6d000 	C:\Windows\SYSTEM32\ntdll.dll
0x00007ffb22260000 - 0x00007ffb22313000 	C:\Windows\System32\KERNEL32.DLL
0x00007ffb20a50000 - 0x00007ffb20ce3000 	C:\Windows\System32\KERNELBASE.dll
0x00007ffb22840000 - 0x00007ffb228e3000 	C:\Windows\System32\ADVAPI32.dll
0x00007ffb246f0000 - 0x00007ffb2478e000 	C:\Windows\System32\msvcrt.dll
0x00007ffb22450000 - 0x00007ffb224ee000 	C:\Windows\System32\sechost.dll
0x00007ffb22ce0000 - 0x00007ffb22e02000 	C:\Windows\System32\RPCRT4.dll
0x00007ffb225c0000 - 0x00007ffb22757000 	C:\Windows\System32\USER32.dll
0x00007ffb21930000 - 0x00007ffb21950000 	C:\Windows\System32\win32u.dll
0x00007ffb24640000 - 0x00007ffb24669000 	C:\Windows\System32\GDI32.dll
0x00007ffb219f0000 - 0x00007ffb21b8a000 	C:\Windows\System32\gdi32full.dll
0x00007ffb21950000 - 0x00007ffb219f0000 	C:\Windows\System32\msvcp_win.dll
0x00007ffb20e20000 - 0x00007ffb20f1c000 	C:\Windows\System32\ucrtbase.dll
0x00007ffb081c0000 - 0x00007ffb08439000 	C:\Windows\WinSxS\amd64_microsoft.windows.common-controls_6595b64144ccf1df_6.0.17763.316_none_05b53be2071f46b6\COMCTL32.dll
0x00007ffb22e20000 - 0x00007ffb2314d000 	C:\Windows\System32\combase.dll
0x00007ffb20f20000 - 0x00007ffb20f9e000 	C:\Windows\System32\bcryptPrimitives.dll
0x00007ffb223b0000 - 0x00007ffb223de000 	C:\Windows\System32\IMM32.DLL
0x00007ffb1f6d0000 - 0x00007ffb1f707000 	C:\Windows\system32\DriverStore\FileRepository\nvcvwu.inf_amd64_166fee8ea72cb783\nvinitx.dll
0x00007ffb1f670000 - 0x00007ffb1f67a000 	C:\Windows\SYSTEM32\VERSION.dll
0x000000005d8e0000 - 0x000000005d9b2000 	C:\Program Files\Java\jdk1.8.0_191\jre\bin\msvcr100.dll
0x000000005d030000 - 0x000000005d8d4000 	C:\Program Files\Java\jdk1.8.0_191\jre\bin\server\jvm.dll
0x00007ffb21bb0000 - 0x00007ffb21bb8000 	C:\Windows\System32\PSAPI.DLL
0x00007ffb1d7e0000 - 0x00007ffb1d7e9000 	C:\Windows\SYSTEM32\WSOCK32.dll
0x00007ffb223e0000 - 0x00007ffb2244d000 	C:\Windows\System32\WS2_32.dll
0x00007ffb0cf20000 - 0x00007ffb0cf44000 	C:\Windows\SYSTEM32\WINMM.dll
0x00007ffb0cef0000 - 0x00007ffb0cf1d000 	C:\Windows\SYSTEM32\WINMMBASE.dll
0x00007ffb20cf0000 - 0x00007ffb20d3a000 	C:\Windows\System32\cfgmgr32.dll
0x000000005d020000 - 0x000000005d02f000 	C:\Program Files\Java\jdk1.8.0_191\jre\bin\verify.dll
0x000000005cff0000 - 0x000000005d019000 	C:\Program Files\Java\jdk1.8.0_191\jre\bin\java.dll
0x000000005cfd0000 - 0x000000005cfe6000 	C:\Program Files\Java\jdk1.8.0_191\jre\bin\zip.dll
0x00007ffb23150000 - 0x00007ffb2463f000 	C:\Windows\System32\SHELL32.dll
0x00007ffb22950000 - 0x00007ffb229f8000 	C:\Windows\System32\shcore.dll
0x00007ffb211e0000 - 0x00007ffb2192a000 	C:\Windows\System32\windows.storage.dll
0x00007ffb20a20000 - 0x00007ffb20a44000 	C:\Windows\System32\profapi.dll
0x00007ffb209a0000 - 0x00007ffb209fd000 	C:\Windows\System32\powrprof.dll
0x00007ffb24790000 - 0x00007ffb247e2000 	C:\Windows\System32\shlwapi.dll
0x00007ffb20980000 - 0x00007ffb20991000 	C:\Windows\System32\kernel.appcore.dll
0x00007ffb21b90000 - 0x00007ffb21ba7000 	C:\Windows\System32\cryptsp.dll
0x000000005cfb0000 - 0x000000005cfca000 	C:\Program Files\Java\jdk1.8.0_191\jre\bin\net.dll
0x00007ffb20210000 - 0x00007ffb20277000 	C:\Windows\system32\mswsock.dll
0x000000005cf90000 - 0x000000005cfa1000 	C:\Program Files\Java\jdk1.8.0_191\jre\bin\nio.dll
0x00007ffb18790000 - 0x00007ffb187ae000 	C:\Users\IvK\.gradle\native\25\windows-amd64\native-platform.dll
0x000000005cf80000 - 0x000000005cf8d000 	C:\Program Files\Java\jdk1.8.0_191\jre\bin\management.dll
0x00007ffb1fdd0000 - 0x00007ffb1fe03000 	C:\Windows\system32\rsaenh.dll
0x00007ffb20df0000 - 0x00007ffb20e16000 	C:\Windows\System32\bcrypt.dll
0x00007ffb208b0000 - 0x00007ffb208d8000 	C:\Windows\SYSTEM32\USERENV.dll
0x00007ffb203e0000 - 0x00007ffb203ec000 	C:\Windows\SYSTEM32\CRYPTBASE.dll
0x00007ffb1ff70000 - 0x00007ffb1ffad000 	C:\Windows\SYSTEM32\IPHLPAPI.DLL
0x00007ffb223a0000 - 0x00007ffb223a8000 	C:\Windows\System32\NSI.dll
0x00007ffb17d00000 - 0x00007ffb17d16000 	C:\Windows\SYSTEM32\dhcpcsvc6.DLL
0x00007ffb18320000 - 0x00007ffb1833c000 	C:\Windows\SYSTEM32\dhcpcsvc.DLL
0x00007ffb1ffb0000 - 0x00007ffb20076000 	C:\Windows\SYSTEM32\DNSAPI.dll
0x00007ffb156e0000 - 0x00007ffb158cd000 	C:\Windows\SYSTEM32\dbghelp.dll

VM Arguments:
jvm_args: -Xmx1536m -Dfile.encoding=windows-1251 -Duser.country=RU -Duser.language=ru -Duser.variant 
java_command: org.gradle.launcher.daemon.bootstrap.GradleDaemon 4.10.1
java_class_path (initial): C:\Users\IvK\.gradle\wrapper\dists\gradle-4.10.1-all\455itskqi2qtf0v2sja68alqd\gradle-4.10.1\lib\gradle-launcher-4.10.1.jar
Launcher Type: SUN_STANDARD

Environment Variables:
PATH=C:\Program Files\Microsoft MPI\Bin\;C:\Program Files (x86)\Common Files\Oracle\Java\javapath;C:\Windows\system32;C:\Windows;C:\Windows\System32\Wbem;C:\Windows\System32\WindowsPowerShell\v1.0\;C:\Windows\System32\OpenSSH\;C:\Program Files\Git\cmd;C:\Program Files (x86)\Microsoft SQL Server\130\Tools\Binn\;C:\Program Files\Microsoft SQL Server\130\Tools\Binn\;C:\Program Files (x86)\Microsoft SQL Server\130\DTS\Binn\;C:\Program Files\Microsoft SQL Server\130\DTS\Binn\;C:\Program Files\Microsoft SQL Server\Client SDK\ODBC\130\Tools\Binn\;C:\Program Files (x86)\Microsoft SQL Server\Client SDK\ODBC\130\Tools\Binn\;C:\Program Files (x86)\Microsoft SQL Server\140\Tools\Binn\;C:\Program Files (x86)\Microsoft SQL Server\140\DTS\Binn\;C:\Program Files (x86)\Microsoft SQL Server\140\Tools\Binn\ManagementStudio\;C:\Users\IvK\AppData\Local\Microsoft\WindowsApps;C:\Program Files\Java\jdk1.8.0_191\bin;
USERNAME=IvK
OS=Windows_NT
PROCESSOR_IDENTIFIER=Intel64 Family 6 Model 42 Stepping 7, GenuineIntel



---------------  S Y S T E M  ---------------

OS: Windows 10.0 , 64 bit Build 17763 (10.0.17763.292)

CPU:total 4 (initial active 4) (2 cores per cpu, 2 threads per core) family 6 model 42 stepping 7, cmov, cx8, fxsr, mmx, sse, sse2, sse3, ssse3, sse4.1, sse4.2, popcnt, avx, aes, clmul, ht, tsc, tscinvbit

Memory: 4k page, physical 8274544k(2040048k free), swap 9585264k(1762312k free)

vm_info: Java HotSpot(TM) 64-Bit Server VM (25.191-b12) for windows-amd64 JRE (1.8.0_191-b12), built on Oct  6 2018 09:29:03 by "java_re" with MS VC++ 10.0 (VS2010)

time: Fri Feb 22 11:28:37 2019
elapsed time: 234 seconds (0d 0h 3m 54s)

